Neither @ContextConfiguration nor @ContextHierarchy found for test class [com.huangjie.o2o.repository.AreaMapperTest], using SpringBootContextLoader
Could not detect default resource locations for test class [com.huangjie.o2o.repository.AreaMapperTest]: no resource found for suffixes {-context.xml, Context.groovy}.
Could not detect default configuration classes for test class [com.huangjie.o2o.repository.AreaMapperTest]: AreaMapperTest does not declare any static, non-private, non-final, nested classes annotated with @Configuration.
Found @SpringBootConfiguration com.huangjie.o2o.O2oApplication for test class com.huangjie.o2o.repository.AreaMapperTest
Loaded default TestExecutionListener class names from location [META-INF/spring.factories]: [org.springframework.boot.test.mock.mockito.MockitoTestExecutionListener, org.springframework.boot.test.mock.mockito.ResetMocksTestExecutionListener, org.springframework.boot.test.autoconfigure.restdocs.RestDocsTestExecutionListener, org.springframework.boot.test.autoconfigure.web.client.MockRestServiceServerResetTestExecutionListener, org.springframework.boot.test.autoconfigure.web.servlet.MockMvcPrintOnlyOnFailureTestExecutionListener, org.springframework.boot.test.autoconfigure.web.servlet.WebDriverTestExecutionListener, org.springframework.test.context.web.ServletTestExecutionListener, org.springframework.test.context.support.DirtiesContextBeforeModesTestExecutionListener, org.springframework.test.context.support.DependencyInjectionTestExecutionListener, org.springframework.test.context.support.DirtiesContextTestExecutionListener, org.springframework.test.context.transaction.TransactionalTestExecutionListener, org.springframework.test.context.jdbc.SqlScriptsTestExecutionListener]
Using TestExecutionListeners: [org.springframework.test.context.web.ServletTestExecutionListener@5e316c74, org.springframework.test.context.support.DirtiesContextBeforeModesTestExecutionListener@6d2a209c, org.springframework.boot.test.mock.mockito.MockitoTestExecutionListener@75329a49, org.springframework.boot.test.autoconfigure.SpringBootDependencyInjectionTestExecutionListener@161479c6, org.springframework.test.context.support.DirtiesContextTestExecutionListener@4313f5bc, org.springframework.test.context.transaction.TransactionalTestExecutionListener@7f010382, org.springframework.test.context.jdbc.SqlScriptsTestExecutionListener@1e802ef9, org.springframework.boot.test.mock.mockito.ResetMocksTestExecutionListener@2b6faea6, org.springframework.boot.test.autoconfigure.restdocs.RestDocsTestExecutionListener@778d1062, org.springframework.boot.test.autoconfigure.web.client.MockRestServiceServerResetTestExecutionListener@670002, org.springframework.boot.test.autoconfigure.web.servlet.MockMvcPrintOnlyOnFailureTestExecutionListener@1f0f1111, org.springframework.boot.test.autoconfigure.web.servlet.WebDriverTestExecutionListener@49c386c8]
Starting AreaMapperTest on huangjie-PC with PID 23794 (started by huangjie in /home/huangjie/JavaProject/o2o)
No active profile set, falling back to default profiles: default
Refreshing org.springframework.web.context.support.GenericWebApplicationContext@1b11171f: startup date [Tue Sep 10 23:30:29 CST 2019]; root of context hierarchy
HV000001: Hibernate Validator 5.3.6.Final
Multiple Spring Data modules found, entering strict repository configuration mode!
Bean 'org.springframework.transaction.annotation.ProxyTransactionManagementConfiguration' of type [org.springframework.transaction.annotation.ProxyTransactionManagementConfiguration$$EnhancerBySpringCGLIB$$59233a12] is not eligible for getting processed by all BeanPostProcessors (for example: not eligible for auto-proxying)
Looking for @ControllerAdvice: org.springframework.web.context.support.GenericWebApplicationContext@1b11171f: startup date [Tue Sep 10 23:30:29 CST 2019]; root of context hierarchy
Mapped "{[/super/admin/list],methods=[GET]}" onto public com.huangjie.o2o.vo.ResultVO<java.util.List<com.huangjie.o2o.entity.Area>> com.huangjie.o2o.controller.AreaController.listAllAreaData()
Mapped "{[/error],produces=[text/html]}" onto public org.springframework.web.servlet.ModelAndView org.springframework.boot.autoconfigure.web.BasicErrorController.errorHtml(javax.servlet.http.HttpServletRequest,javax.servlet.http.HttpServletResponse)
Mapped "{[/error]}" onto public org.springframework.http.ResponseEntity<java.util.Map<java.lang.String, java.lang.Object>> org.springframework.boot.autoconfigure.web.BasicErrorController.error(javax.servlet.http.HttpServletRequest)
Mapped URL path [/webjars/**] onto handler of type [class org.springframework.web.servlet.resource.ResourceHttpRequestHandler]
Mapped URL path [/**] onto handler of type [class org.springframework.web.servlet.resource.ResourceHttpRequestHandler]
Mapped URL path [/**/favicon.ico] onto handler of type [class org.springframework.web.servlet.resource.ResourceHttpRequestHandler]
Started AreaMapperTest in 5.74 seconds (JVM running for 8.229)
Closing org.springframework.web.context.support.GenericWebApplicationContext@1b11171f: startup date [Tue Sep 10 23:30:29 CST 2019]; root of context hierarchy
Neither @ContextConfiguration nor @ContextHierarchy found for test class [com.huangjie.o2o.repository.AreaMapperTest], using SpringBootContextLoader
Could not detect default resource locations for test class [com.huangjie.o2o.repository.AreaMapperTest]: no resource found for suffixes {-context.xml, Context.groovy}.
Could not detect default configuration classes for test class [com.huangjie.o2o.repository.AreaMapperTest]: AreaMapperTest does not declare any static, non-private, non-final, nested classes annotated with @Configuration.
Found @SpringBootConfiguration com.huangjie.o2o.O2oApplication for test class com.huangjie.o2o.repository.AreaMapperTest
Loaded default TestExecutionListener class names from location [META-INF/spring.factories]: [org.springframework.boot.test.mock.mockito.MockitoTestExecutionListener, org.springframework.boot.test.mock.mockito.ResetMocksTestExecutionListener, org.springframework.boot.test.autoconfigure.restdocs.RestDocsTestExecutionListener, org.springframework.boot.test.autoconfigure.web.client.MockRestServiceServerResetTestExecutionListener, org.springframework.boot.test.autoconfigure.web.servlet.MockMvcPrintOnlyOnFailureTestExecutionListener, org.springframework.boot.test.autoconfigure.web.servlet.WebDriverTestExecutionListener, org.springframework.test.context.web.ServletTestExecutionListener, org.springframework.test.context.support.DirtiesContextBeforeModesTestExecutionListener, org.springframework.test.context.support.DependencyInjectionTestExecutionListener, org.springframework.test.context.support.DirtiesContextTestExecutionListener, org.springframework.test.context.transaction.TransactionalTestExecutionListener, org.springframework.test.context.jdbc.SqlScriptsTestExecutionListener]
Using TestExecutionListeners: [org.springframework.test.context.web.ServletTestExecutionListener@5e316c74, org.springframework.test.context.support.DirtiesContextBeforeModesTestExecutionListener@6d2a209c, org.springframework.boot.test.mock.mockito.MockitoTestExecutionListener@75329a49, org.springframework.boot.test.autoconfigure.SpringBootDependencyInjectionTestExecutionListener@161479c6, org.springframework.test.context.support.DirtiesContextTestExecutionListener@4313f5bc, org.springframework.test.context.transaction.TransactionalTestExecutionListener@7f010382, org.springframework.test.context.jdbc.SqlScriptsTestExecutionListener@1e802ef9, org.springframework.boot.test.mock.mockito.ResetMocksTestExecutionListener@2b6faea6, org.springframework.boot.test.autoconfigure.restdocs.RestDocsTestExecutionListener@778d1062, org.springframework.boot.test.autoconfigure.web.client.MockRestServiceServerResetTestExecutionListener@670002, org.springframework.boot.test.autoconfigure.web.servlet.MockMvcPrintOnlyOnFailureTestExecutionListener@1f0f1111, org.springframework.boot.test.autoconfigure.web.servlet.WebDriverTestExecutionListener@49c386c8]
Starting AreaMapperTest on huangjie-PC with PID 23868 (started by huangjie in /home/huangjie/JavaProject/o2o)
No active profile set, falling back to default profiles: default
Refreshing org.springframework.web.context.support.GenericWebApplicationContext@1b11171f: startup date [Tue Sep 10 23:31:35 CST 2019]; root of context hierarchy
HV000001: Hibernate Validator 5.3.6.Final
Multiple Spring Data modules found, entering strict repository configuration mode!
Bean 'org.springframework.transaction.annotation.ProxyTransactionManagementConfiguration' of type [org.springframework.transaction.annotation.ProxyTransactionManagementConfiguration$$EnhancerBySpringCGLIB$$843f5ce3] is not eligible for getting processed by all BeanPostProcessors (for example: not eligible for auto-proxying)
Looking for @ControllerAdvice: org.springframework.web.context.support.GenericWebApplicationContext@1b11171f: startup date [Tue Sep 10 23:31:35 CST 2019]; root of context hierarchy
Mapped "{[/super/admin/list],methods=[GET]}" onto public com.huangjie.o2o.vo.ResultVO<java.util.List<com.huangjie.o2o.entity.Area>> com.huangjie.o2o.controller.AreaController.listAllAreaData()
Mapped "{[/error],produces=[text/html]}" onto public org.springframework.web.servlet.ModelAndView org.springframework.boot.autoconfigure.web.BasicErrorController.errorHtml(javax.servlet.http.HttpServletRequest,javax.servlet.http.HttpServletResponse)
Mapped "{[/error]}" onto public org.springframework.http.ResponseEntity<java.util.Map<java.lang.String, java.lang.Object>> org.springframework.boot.autoconfigure.web.BasicErrorController.error(javax.servlet.http.HttpServletRequest)
Mapped URL path [/webjars/**] onto handler of type [class org.springframework.web.servlet.resource.ResourceHttpRequestHandler]
Mapped URL path [/**] onto handler of type [class org.springframework.web.servlet.resource.ResourceHttpRequestHandler]
Mapped URL path [/**/favicon.ico] onto handler of type [class org.springframework.web.servlet.resource.ResourceHttpRequestHandler]
Started AreaMapperTest in 5.385 seconds (JVM running for 6.86)
Loading XML bean definitions from class path resource [org/springframework/jdbc/support/sql-error-codes.xml]
Closing org.springframework.web.context.support.GenericWebApplicationContext@1b11171f: startup date [Tue Sep 10 23:31:35 CST 2019]; root of context hierarchy
Neither @ContextConfiguration nor @ContextHierarchy found for test class [com.huangjie.o2o.repository.AreaMapperTest], using SpringBootContextLoader
Could not detect default resource locations for test class [com.huangjie.o2o.repository.AreaMapperTest]: no resource found for suffixes {-context.xml, Context.groovy}.
Could not detect default configuration classes for test class [com.huangjie.o2o.repository.AreaMapperTest]: AreaMapperTest does not declare any static, non-private, non-final, nested classes annotated with @Configuration.
Found @SpringBootConfiguration com.huangjie.o2o.O2oApplication for test class com.huangjie.o2o.repository.AreaMapperTest
Loaded default TestExecutionListener class names from location [META-INF/spring.factories]: [org.springframework.boot.test.mock.mockito.MockitoTestExecutionListener, org.springframework.boot.test.mock.mockito.ResetMocksTestExecutionListener, org.springframework.boot.test.autoconfigure.restdocs.RestDocsTestExecutionListener, org.springframework.boot.test.autoconfigure.web.client.MockRestServiceServerResetTestExecutionListener, org.springframework.boot.test.autoconfigure.web.servlet.MockMvcPrintOnlyOnFailureTestExecutionListener, org.springframework.boot.test.autoconfigure.web.servlet.WebDriverTestExecutionListener, org.springframework.test.context.web.ServletTestExecutionListener, org.springframework.test.context.support.DirtiesContextBeforeModesTestExecutionListener, org.springframework.test.context.support.DependencyInjectionTestExecutionListener, org.springframework.test.context.support.DirtiesContextTestExecutionListener, org.springframework.test.context.transaction.TransactionalTestExecutionListener, org.springframework.test.context.jdbc.SqlScriptsTestExecutionListener]
Using TestExecutionListeners: [org.springframework.test.context.web.ServletTestExecutionListener@5e316c74, org.springframework.test.context.support.DirtiesContextBeforeModesTestExecutionListener@6d2a209c, org.springframework.boot.test.mock.mockito.MockitoTestExecutionListener@75329a49, org.springframework.boot.test.autoconfigure.SpringBootDependencyInjectionTestExecutionListener@161479c6, org.springframework.test.context.support.DirtiesContextTestExecutionListener@4313f5bc, org.springframework.test.context.transaction.TransactionalTestExecutionListener@7f010382, org.springframework.test.context.jdbc.SqlScriptsTestExecutionListener@1e802ef9, org.springframework.boot.test.mock.mockito.ResetMocksTestExecutionListener@2b6faea6, org.springframework.boot.test.autoconfigure.restdocs.RestDocsTestExecutionListener@778d1062, org.springframework.boot.test.autoconfigure.web.client.MockRestServiceServerResetTestExecutionListener@670002, org.springframework.boot.test.autoconfigure.web.servlet.MockMvcPrintOnlyOnFailureTestExecutionListener@1f0f1111, org.springframework.boot.test.autoconfigure.web.servlet.WebDriverTestExecutionListener@49c386c8]
Starting AreaMapperTest on huangjie-PC with PID 23939 (started by huangjie in /home/huangjie/JavaProject/o2o)
No active profile set, falling back to default profiles: default
Refreshing org.springframework.web.context.support.GenericWebApplicationContext@1b11171f: startup date [Tue Sep 10 23:32:29 CST 2019]; root of context hierarchy
HV000001: Hibernate Validator 5.3.6.Final
Multiple Spring Data modules found, entering strict repository configuration mode!
Bean 'org.springframework.transaction.annotation.ProxyTransactionManagementConfiguration' of type [org.springframework.transaction.annotation.ProxyTransactionManagementConfiguration$$EnhancerBySpringCGLIB$$bb090ee] is not eligible for getting processed by all BeanPostProcessors (for example: not eligible for auto-proxying)
Looking for @ControllerAdvice: org.springframework.web.context.support.GenericWebApplicationContext@1b11171f: startup date [Tue Sep 10 23:32:29 CST 2019]; root of context hierarchy
Mapped "{[/super/admin/list],methods=[GET]}" onto public com.huangjie.o2o.vo.ResultVO<java.util.List<com.huangjie.o2o.entity.Area>> com.huangjie.o2o.controller.AreaController.listAllAreaData()
Mapped "{[/error],produces=[text/html]}" onto public org.springframework.web.servlet.ModelAndView org.springframework.boot.autoconfigure.web.BasicErrorController.errorHtml(javax.servlet.http.HttpServletRequest,javax.servlet.http.HttpServletResponse)
Mapped "{[/error]}" onto public org.springframework.http.ResponseEntity<java.util.Map<java.lang.String, java.lang.Object>> org.springframework.boot.autoconfigure.web.BasicErrorController.error(javax.servlet.http.HttpServletRequest)
Mapped URL path [/webjars/**] onto handler of type [class org.springframework.web.servlet.resource.ResourceHttpRequestHandler]
Mapped URL path [/**] onto handler of type [class org.springframework.web.servlet.resource.ResourceHttpRequestHandler]
Mapped URL path [/**/favicon.ico] onto handler of type [class org.springframework.web.servlet.resource.ResourceHttpRequestHandler]
Started AreaMapperTest in 5.68 seconds (JVM running for 7.21)
Closing org.springframework.web.context.support.GenericWebApplicationContext@1b11171f: startup date [Tue Sep 10 23:32:29 CST 2019]; root of context hierarchy
